#
# A fatal error has been detected by the Java Runtime Environment:
#
#  EXCEPTION_ACCESS_VIOLATION (0xc0000005) at pc=0x00007ffefeff0d2d, pid=15916, tid=13584
#
# JRE version: OpenJDK Runtime Environment JBR-17.0.12+1-1087.25-nomod (17.0.12+1) (build 17.0.12+1-b1087.25)
# Java VM: OpenJDK 64-Bit Server VM JBR-17.0.12+1-1087.25-nomod (17.0.12+1-b1087.25, mixed mode, tiered, compressed oops, compressed class ptrs, g1 gc, windows-amd64)
# Problematic frame:
# V  [jvm.dll+0x590d2d]  PhaseIdealLoop::build_loop_early+0x22d
#
# No core dump will be written. Minidumps are not enabled by default on client versions of Windows
#
# If you would like to submit a bug report, please visit:
#   https://youtrack.jetbrains.com/issues/JBR
#

---------------  S U M M A R Y ------------

Command Line: -javaagent:C:\Program Files\JetBrains\IntelliJ IDEA 2025.2.4\lib\idea_rt.jar=60377 -Dfile.encoding=UTF-8 com.nephro.labresultsservice.LabResultsServiceApplication

Host: Intel(R) Core(TM) i5-10300H CPU @ 2.50GHz, 8 cores, 15G,  Windows 11 , 64 bit Build 26100 (10.0.26100.7705)
Time: Thu Mar  5 06:22:02 2026 Afr. centrale Ouest elapsed time: 11.968177 seconds (0d 0h 0m 11s)

---------------  T H R E A D  ---------------

Current thread (0x000001897461e760):  JavaThread "C2 CompilerThread2" daemon [_thread_in_native, id=13584, stack(0x000000545bb00000,0x000000545bc00000)]


Current CompileTask:
C2:  11968 6445       4       org.springframework.core.annotation.TypeMappedAnnotations::scan (66 bytes)

Stack: [0x000000545bb00000,0x000000545bc00000],  sp=0x000000545bbfa600,  free space=1001k
Native frames: (J=compiled Java code, j=interpreted, Vv=VM code, C=native code)
V  [jvm.dll+0x590d2d]  PhaseIdealLoop::build_loop_early+0x22d  (loopnode.cpp:4997)
V  [jvm.dll+0x590207]  PhaseIdealLoop::build_and_optimize+0x727  (loopnode.cpp:4090)
V  [jvm.dll+0x226002]  PhaseIdealLoop::optimize+0x132  (loopnode.hpp:1155)
V  [jvm.dll+0x21f272]  Compile::Optimize+0xd62  (compile.cpp:2215)
V  [jvm.dll+0x21ca21]  Compile::Compile+0xd51  (compile.cpp:791)
V  [jvm.dll+0x1a625d]  C2Compiler::compile_method+0xad  (c2compiler.cpp:110)
V  [jvm.dll+0x22c918]  CompileBroker::invoke_compiler_on_method+0x878  (compileBroker.cpp:2357)
V  [jvm.dll+0x22aa50]  CompileBroker::compiler_thread_loop+0x2d0  (compileBroker.cpp:2015)
V  [jvm.dll+0x7f73d7]  JavaThread::run+0x147  (thread.cpp:1299)
V  [jvm.dll+0x7f17da]  Thread::call_run+0x8a  (thread.cpp:405)
V  [jvm.dll+0x687c55]  thread_native_entry+0x75  (os_windows.cpp:550)
C  [ucrtbase.dll+0x37b0]
C  [KERNEL32.DLL+0x2e8d7]
C  [ntdll.dll+0x8c40c]


siginfo: EXCEPTION_ACCESS_VIOLATION (0xc0000005), reading address 0x00000108000005e1


Registers:
RAX=0x0000010800000539, RBX=0x000001897008d280, RCX=0x000001897008d280, RDX=0x000001897319ddd8
RSP=0x000000545bbfa600, RBP=0x000000545bbfa9e0, RSI=0x0000000000000014, RDI=0x0000000000000022
R8 =0x0000000000100000, R9 =0x0000000000100000, R10=0x00007fff71090000, R11=0x000001897319ed50
R12=0x0000000000000059, R13=0x000000545bbfa690, R14=0x000001896fea4d30, R15=0x000000545bbfa6b0
RIP=0x00007ffefeff0d2d, EFLAGS=0x0000000000010202


Register to memory mapping:

RIP=0x00007ffefeff0d2d jvm.dll::PhaseIdealLoop::build_loop_early + 0x22d
RAX=0x0000010800000539 is an unknown value
RBX=0x000001897008d280 points into unknown readable memory: 0x0000010800000539 | 39 05 00 00 08 01 00 00
RCX=0x000001897008d280 points into unknown readable memory: 0x0000010800000539 | 39 05 00 00 08 01 00 00
RDX=0x000001897319ddd8 points into unknown readable memory: 0xdff8f7ffef9001f3 | f3 01 90 ef ff f7 f8 df
RSP=0x000000545bbfa600 is pointing into the stack for thread: 0x000001897461e760
RBP=0x000000545bbfa9e0 is pointing into the stack for thread: 0x000001897461e760
RSI=0x0000000000000014 is an unknown value
RDI=0x0000000000000022 is an unknown value
R8 =1048576 is a compressed pointer to class: 0x0000000800100000
org.springframework.boot.DefaultApplicationContextFactory {0x0000000800100008}
 - instance size:     2
 - klass size:        77
 - access:            synchronized 
 - state:             fully_initialized
 - name:              'org/springframework/boot/DefaultApplicationContextFactory'
 - super:             'java/lang/Object'
 - sub:               
 - arrays:            NULL
 - methods:           Array<T>(0x000001896b838b70)
 - method ordering:   Array<T>(0x000001896b000018)
 - default_methods:   Array<T>(0x0000000000000000)
 - local interfaces:  Array<T>(0x000001896b838b50)
 - trans. interfaces: Array<T>(0x000001896b838b50)
 - constants:         constant pool [161]/operands[28] {0x000001896b838568} for 'org/springframework/boot/DefaultApplicationContextFactory' cache=0x000001896b83d0b0
 - class loader data:  loader data: 0x000001896f27d940 for instance a 'jdk/internal/loader/ClassLoaders$AppClassLoader'{0x0000000702c98578}
 - source file:       'DefaultApplicationContextFactory.java'
 - class annotations:       Array<T>(0x0000000000000000)
 - class type annotations:  Array<T>(0x0000000000000000)
 - field annotations:       Array<T>(0x0000000000000000)
 - field type annotations:  Array<T>(0x0000000000000000)
 - inner classes:     Array<T>(0x000001896b839180)
 - nest members:     Array<T>(0x000001896b000028)
 - permitted subclasses:     Array<T>(0x000001896b000028)
 - java mirror:       a 'java/lang/Class'{0x0000000702b4f768} = 'org/springframework/boot/DefaultApplicationContextFactory'
 - vtable length      8  (start addr: 0x00000008001001f0)
 - itable length      7 (start addr: 0x0000000800100230)
 - ---- static fields (0 words):
 - ---- non-static fields (0 words):
 - non-static oop maps: 
R9 =1048576 is a compressed pointer to class: 0x0000000800100000
org.springframework.boot.DefaultApplicationContextFactory {0x0000000800100008}
 - instance size:     2
 - klass size:        77
 - access:            synchronized 
 - state:             fully_initialized
 - name:              'org/springframework/boot/DefaultApplicationContextFactory'
 - super:             'java/lang/Object'
 - sub:               
 - arrays:            NULL
 - methods:           Array<T>(0x000001896b838b70)
 - method ordering:   Array<T>(0x000001896b000018)
 - default_methods:   Array<T>(0x0000000000000000)
 - local interfaces:  Array<T>(0x000001896b838b50)
 - trans. interfaces: Array<T>(0x000001896b838b50)
 - constants:         constant pool [161]/operands[28] {0x000001896b838568} for 'org/springframework/boot/DefaultApplicationContextFactory' cache=0x000001896b83d0b0
 - class loader data:  loader data: 0x000001896f27d940 for instance a 'jdk/internal/loader/ClassLoaders$AppClassLoader'{0x0000000702c98578}
 - source file:       'DefaultApplicationContextFactory.java'
 - class annotations:       Array<T>(0x0000000000000000)
 - class type annotations:  Array<T>(0x0000000000000000)
 - field annotations:       Array<T>(0x0000000000000000)
 - field type annotations:  Array<T>(0x0000000000000000)
 - inner classes:     Array<T>(0x000001896b839180)
 - nest members:     Array<T>(0x000001896b000028)
 - permitted subclasses:     Array<T>(0x000001896b000028)
 - java mirror:       a 'java/lang/Class'{0x0000000702b4f768} = 'org/springframework/boot/DefaultApplicationContextFactory'
 - vtable length      8  (start addr: 0x00000008001001f0)
 - itable length      7 (start addr: 0x0000000800100230)
 - ---- static fields (0 words):
 - ---- non-static fields (0 words):
 - non-static oop maps: 
R10=0x00007fff71090000 VCRUNTIME140.dll
R11=0x000001897319ed50 points into unknown readable memory: 0x0000018976464120 | 20 41 46 76 89 01 00 00
R12=0x0000000000000059 is an unknown value
R13=0x000000545bbfa690 is pointing into the stack for thread: 0x000001897461e760
R14=0x000001896fea4d30 points into unknown readable memory: 0x00007ffeff40bef8 | f8 be 40 ff fe 7f 00 00
R15=0x000000545bbfa6b0 is pointing into the stack for thread: 0x000001897461e760


Top of Stack: (sp=0x000000545bbfa600)
0x000000545bbfa600:   000001897008e090 000000545bbfa9e0
0x000000545bbfa610:   000000545bbfa6d0 00007ffeff28b7be
0x000000545bbfa620:   000001897474e1f0 000001894c106380
0x000000545bbfa630:   0000000000000000 0000000000000001
0x000000545bbfa640:   000001897474e1c0 0000000000070200
0x000000545bbfa650:   000000545bbfa760 00007ffefeff0207
0x000000545bbfa660:   000000545bbfa9e0 000000545bbfa6b0
0x000000545bbfa670:   000001890000005d 000000545bbfa6d0
0x000000545bbfa680:   0000000000070220 0000018949e70000
0x000000545bbfa690:   0000018973a9d720 00007fff00000200
0x000000545bbfa6a0:   000001897319e550 0000000000000154
0x000000545bbfa6b0:   0000018900000200 000001897319dd50
0x000000545bbfa6c0:   0000018900000200 0000018973a9d720
0x000000545bbfa6d0:   00000189743f6a90 0000018974406210
0x000000545bbfa6e0:   00000189743f6a90 0000018973a9d720
0x000000545bbfa6f0:   0000018973a9d720 00007ffe00000004
0x000000545bbfa700:   0000018974326c30 00007ffe00000000
0x000000545bbfa710:   0000018975953930 00007ffeff2642db
0x000000545bbfa720:   0000000000000000 0000018975c47410
0x000000545bbfa730:   0000018975953e80 00000189701f7830
0x000000545bbfa740:   0000000000001002 0000000000000000
0x000000545bbfa750:   0000000023012002 00007ffeff2642db
0x000000545bbfa760:   000000545bbfb5e0 000000545bbfb5e0
0x000000545bbfa770:   000000545bbfb5e0 00007ffeff10d0cc
0x000000545bbfa780:   0000018976444108 0000000000000000
0x000000545bbfa790:   0000000000000000 0000000000000000
0x000000545bbfa7a0:   000001896f121d08 00000189764441c8
0x000000545bbfa7b0:   0000000000000005 00000189708d01c0
0x000000545bbfa7c0:   0000000000070220 00000189708d8168
0x000000545bbfa7d0:   00007fff970b88b0 00007fff96f90139
0x000000545bbfa7e0:   0000018975c67440 0000000000020010
0x000000545bbfa7f0:   000000000000000d 0000018975c67440 

Instructions: (pc=0x00007ffefeff0d2d)
0x00007ffefeff0c2d:   85 c9 74 37 49 8b 49 68 48 85 c9 74 26 8b 51 18
0x00007ffefeff0c3d:   33 c0 85 d2 74 1d 4c 8b 41 10 66 0f 1f 84 00 00
0x00007ffefeff0c4d:   00 00 00 4d 3b 34 c0 0f 84 9e 00 00 00 ff c0 3b
0x00007ffefeff0c5d:   c2 72 f0 4d 8b 09 4d 85 c9 75 c9 49 8b 46 08 49
0x00007ffefeff0c6d:   8b d6 48 8b cd 48 8b 30 4c 8b c6 e8 13 db fe ff
0x00007ffefeff0c7d:   48 8b 4f 60 48 85 c9 74 08 49 8b d6 e8 c2 6f 0d
0x00007ffefeff0c8d:   00 8b 7e 28 8b df c1 eb 05 41 3b 1f 72 0a 8b d3
0x00007ffefeff0c9d:   49 8b cf e8 ab aa 29 00 49 8b 47 08 83 e7 1f 48
0x00007ffefeff0cad:   8d 14 98 40 0f b6 cf 41 b8 01 00 00 00 41 d3 e0
0x00007ffefeff0cbd:   8b 0a 8b c1 41 0b c0 89 02 41 85 c8 75 23 41 8b
0x00007ffefeff0ccd:   5d 18 8d 43 01 41 89 45 18 41 3b 5d 08 72 0a 8b
0x00007ffefeff0cdd:   d3 49 8b cd e8 8a 56 0d 00 49 8b 45 10 48 89 34
0x00007ffefeff0ced:   d8 8b 74 24 70 44 8d 66 01 eb 04 8b 74 24 70 44
0x00007ffefeff0cfd:   3b e6 0f 83 f8 00 00 00 66 66 66 0f 1f 84 00 00
0x00007ffefeff0d0d:   00 00 00 49 8b 46 08 41 8b cc 41 ff c4 48 8b 1c
0x00007ffefeff0d1d:   c8 48 85 db 0f 84 cb 00 00 00 48 8b 03 48 8b cb
0x00007ffefeff0d2d:   ff 90 a8 00 00 00 84 c0 74 38 48 8b 03 48 8b cb
0x00007ffefeff0d3d:   ff 50 10 84 c0 75 2b 48 8b 43 08 8b 7b 28 4c 8b
0x00007ffefeff0d4d:   38 3b 7d 28 72 0b 8b d7 48 8d 4d 20 e8 12 56 0d
0x00007ffefeff0d5d:   00 48 8b 45 30 49 8d 57 01 4c 8b 7c 24 68 48 89
0x00007ffefeff0d6d:   14 f8 8b 73 28 8b fe c1 ef 05 41 3b 3f 72 0a 8b
0x00007ffefeff0d7d:   d7 49 8b cf e8 ca a9 29 00 49 8b 47 08 83 e6 1f
0x00007ffefeff0d8d:   44 8b 0c b8 48 8d 14 b8 41 8b c1 41 b8 01 00 00
0x00007ffefeff0d9d:   00 40 0f b6 ce 41 d3 e0 41 0b c0 45 23 c8 89 02
0x00007ffefeff0dad:   8b 43 28 3b 45 28 0f 83 d2 00 00 00 8b c8 48 8b
0x00007ffefeff0dbd:   45 30 48 83 3c c8 00 0f 84 c1 00 00 00 45 85 c9
0x00007ffefeff0dcd:   75 23 41 8b 7d 18 8d 47 01 41 89 45 18 41 3b 7d
0x00007ffefeff0ddd:   08 72 0a 8b d7 49 8b cd e8 86 55 0d 00 49 8b 45
0x00007ffefeff0ded:   10 48 89 1c f8 44 3b 64 24 70 0f 82 13 ff ff ff
0x00007ffefeff0dfd:   41 8b 46 28 3b 45 28 73 0d 8b c8 48 8b 45 30 48
0x00007ffefeff0e0d:   83 3c c8 00 75 57 49 8b d6 48 8b cd e8 a2 39 00
0x00007ffefeff0e1d:   00 41 8b 5e 28 48 8b f0 3b 5d 28 72 0b 8b d3 48 


Stack slot to memory mapping:
stack at sp + 0 slots: 0x000001897008e090 points into unknown readable memory: 0x00007ffeff3b3048 | 48 30 3b ff fe 7f 00 00
stack at sp + 1 slots: 0x000000545bbfa9e0 is pointing into the stack for thread: 0x000001897461e760
stack at sp + 2 slots: 0x000000545bbfa6d0 is pointing into the stack for thread: 0x000001897461e760
stack at sp + 3 slots: 0x00007ffeff28b7be jvm.dll::VectorSet::grow + 0x6e
stack at sp + 4 slots: 0x000001897474e1f0 points into unknown readable memory: 0x8000000b00000001 | 01 00 00 00 0b 00 00 80
stack at sp + 5 slots: 0x000001894c106380 points into unknown readable memory: 0x00007ffeff3c18b0 | b0 18 3c ff fe 7f 00 00
stack at sp + 6 slots: 0x0 is NULL
stack at sp + 7 slots: 0x0000000000000001 is an unknown value


---------------  P R O C E S S  ---------------

Threads class SMR info:
_java_thread_list=0x0000018973d3f630, length=23, elements={
0x000001894c0ee330, 0x000001896f04c340, 0x000001896f04ce10, 0x000001896f0a83d0,
0x000001896f0aacb0, 0x000001896f0ab580, 0x000001896f0abe50, 0x000001896f0c9360,
0x000001896f0d37a0, 0x000001896f0d44c0, 0x000001896abd1ec0, 0x000001896f8d85c0,
0x000001896f8d8aa0, 0x000001896fd13aa0, 0x00000189702c98f0, 0x00000189704b1bc0,
0x00000189704b2af0, 0x00000189704b3000, 0x00000189704b3510, 0x00000189704b3a20,
0x00000189704b4e60, 0x0000018973d32030, 0x000001897461e760
}

Java Threads: ( => current thread )
  0x000001894c0ee330 JavaThread "main" [_thread_blocked, id=14364, stack(0x0000005459f00000,0x000000545a000000)]
  0x000001896f04c340 JavaThread "Reference Handler" daemon [_thread_blocked, id=9372, stack(0x000000545a600000,0x000000545a700000)]
  0x000001896f04ce10 JavaThread "Finalizer" daemon [_thread_blocked, id=16720, stack(0x000000545a700000,0x000000545a800000)]
  0x000001896f0a83d0 JavaThread "Signal Dispatcher" daemon [_thread_blocked, id=10616, stack(0x000000545a800000,0x000000545a900000)]
  0x000001896f0aacb0 JavaThread "Attach Listener" daemon [_thread_blocked, id=12508, stack(0x000000545a900000,0x000000545aa00000)]
  0x000001896f0ab580 JavaThread "Service Thread" daemon [_thread_blocked, id=15772, stack(0x000000545aa00000,0x000000545ab00000)]
  0x000001896f0abe50 JavaThread "Monitor Deflation Thread" daemon [_thread_blocked, id=5640, stack(0x000000545ab00000,0x000000545ac00000)]
  0x000001896f0c9360 JavaThread "C2 CompilerThread0" daemon [_thread_in_native, id=16408, stack(0x000000545ac00000,0x000000545ad00000)]
  0x000001896f0d37a0 JavaThread "C1 CompilerThread0" daemon [_thread_blocked, id=11468, stack(0x000000545ad00000,0x000000545ae00000)]
  0x000001896f0d44c0 JavaThread "Sweeper thread" daemon [_thread_blocked, id=16200, stack(0x000000545ae00000,0x000000545af00000)]
  0x000001896abd1ec0 JavaThread "Common-Cleaner" daemon [_thread_blocked, id=17108, stack(0x000000545af00000,0x000000545b000000)]
  0x000001896f8d85c0 JavaThread "Monitor Ctrl-Break" daemon [_thread_in_native, id=10816, stack(0x000000545b100000,0x000000545b200000)]
  0x000001896f8d8aa0 JavaThread "Notification Thread" daemon [_thread_blocked, id=10228, stack(0x000000545b200000,0x000000545b300000)]
  0x000001896fd13aa0 JavaThread "Thread-0" [_thread_blocked, id=11368, stack(0x000000545b900000,0x000000545ba00000)]
  0x00000189702c98f0 JavaThread "restartedMain" [_thread_in_Java, id=11032, stack(0x000000545ba00000,0x000000545bb00000)]
  0x00000189704b1bc0 JavaThread "Catalina-utility-1" [_thread_blocked, id=15748, stack(0x000000545bf00000,0x000000545c000000)]
  0x00000189704b2af0 JavaThread "Catalina-utility-2" [_thread_blocked, id=14444, stack(0x000000545c000000,0x000000545c100000)]
  0x00000189704b3000 JavaThread "container-0" [_thread_blocked, id=7268, stack(0x000000545c100000,0x000000545c200000)]
  0x00000189704b3510 JavaThread "mysql-cj-abandoned-connection-cleanup" daemon [_thread_blocked, id=5952, stack(0x000000545c200000,0x000000545c300000)]
  0x00000189704b3a20 JavaThread "HikariPool-1 housekeeper" daemon [_thread_blocked, id=5908, stack(0x000000545c400000,0x000000545c500000)]
  0x00000189704b4e60 JavaThread "HikariPool-1 connection adder" daemon [_thread_blocked, id=5248, stack(0x000000545c500000,0x000000545c600000)]
  0x0000018973d32030 JavaThread "C2 CompilerThread1" daemon [_thread_in_native, id=9996, stack(0x000000545b000000,0x000000545b100000)]
=>0x000001897461e760 JavaThread "C2 CompilerThread2" daemon [_thread_in_native, id=13584, stack(0x000000545bb00000,0x000000545bc00000)]

Other Threads:
  0x000001896f07c920 VMThread "VM Thread" [stack: 0x000000545a500000,0x000000545a600000] [id=8840]
  0x000001896f6963f0 WatcherThread [stack: 0x000000545b300000,0x000000545b400000] [id=4300]
  0x000001894c159d70 GCTaskThread "GC Thread#0" [stack: 0x000000545a000000,0x000000545a100000] [id=11220]
  0x00000189701a76e0 GCTaskThread "GC Thread#1" [stack: 0x000000545b400000,0x000000545b500000] [id=9344]
  0x00000189701a79a0 GCTaskThread "GC Thread#2" [stack: 0x000000545b500000,0x000000545b600000] [id=9408]
  0x00000189701a7c60 GCTaskThread "GC Thread#3" [stack: 0x000000545b600000,0x000000545b700000] [id=1904]
  0x000001897015eb50 GCTaskThread "GC Thread#4" [stack: 0x000000545b700000,0x000000545b800000] [id=12888]
  0x000001897015f220 GCTaskThread "GC Thread#5" [stack: 0x000000545b800000,0x000000545b900000] [id=5332]
  0x00000189705f4340 GCTaskThread "GC Thread#6" [stack: 0x000000545bc00000,0x000000545bd00000] [id=12800]
  0x00000189707f6c20 GCTaskThread "GC Thread#7" [stack: 0x000000545bd00000,0x000000545be00000] [id=16340]
  0x000001894c16c630 ConcurrentGCThread "G1 Main Marker" [stack: 0x000000545a100000,0x000000545a200000] [id=8388]
  0x000001894c16d700 ConcurrentGCThread "G1 Conc#0" [stack: 0x000000545a200000,0x000000545a300000] [id=12056]
  0x0000018970782ac0 ConcurrentGCThread "G1 Conc#1" [stack: 0x000000545be00000,0x000000545bf00000] [id=4056]
  0x000001896aa991a0 ConcurrentGCThread "G1 Refine#0" [stack: 0x000000545a300000,0x000000545a400000] [id=3780]
  0x0000018973f46820 ConcurrentGCThread "G1 Refine#1" [stack: 0x000000545c600000,0x000000545c700000] [id=14812]
  0x000001896aa99ae0 ConcurrentGCThread "G1 Service" [stack: 0x000000545a400000,0x000000545a500000] [id=2752]

Threads with active compile tasks:
C2 CompilerThread0    12121 6690       4       org.aspectj.apache.bcel.classfile.Attribute::readAttribute (568 bytes)
C2 CompilerThread1    12121 6753       4       java.io.DataInputStream::readUTF (501 bytes)
C2 CompilerThread2    12122 6445       4       org.springframework.core.annotation.TypeMappedAnnotations::scan (66 bytes)

VM state: not at safepoint (normal execution)

VM Mutex/Monitor currently owned by a thread: None

Heap address: 0x0000000702800000, size: 4056 MB, Compressed Oops mode: Zero based, Oop shift amount: 3

CDS archive(s) not mapped
Compressed class space mapped at: 0x0000000800000000-0x0000000840000000, reserved size: 1073741824
Narrow klass base: 0x0000000800000000, Narrow klass shift: 0, Narrow klass range: 0x40000000

GC Precious Log:
 CPUs: 8 total, 8 available
 Memory: 16216M
 Large Page Support: Disabled
 NUMA Support: Disabled
 Compressed Oops: Enabled (Zero based)
 Heap Region Size: 2M
 Heap Min Capacity: 8M
 Heap Initial Capacity: 254M
 Heap Max Capacity: 4056M
 Pre-touch: Disabled
 Parallel Workers: 8
 Concurrent Workers: 2
 Concurrent Refinement Workers: 8
 Periodic GC: Disabled

Heap:
 garbage-first heap   total 131072K, used 66291K [0x0000000702800000, 0x0000000800000000)
  region size 2048K, 18 young (36864K), 5 survivors (10240K)
 Metaspace       used 85542K, committed 86080K, reserved 1179648K
  class space    used 11387K, committed 11648K, reserved 1048576K

Heap Regions: E=young(eden), S=young(survivor), O=old, HS=humongous(starts), HC=humongous(continues), CS=collection set, F=free, OA=open archive, CA=closed archive, TAMS=top-at-mark-start (previous, next)
|   0|0x0000000702800000, 0x0000000702a00000, 0x0000000702a00000|100%| O|  |TAMS 0x0000000702a00000, 0x0000000702800000| Untracked 
|   1|0x0000000702a00000, 0x0000000702c00000, 0x0000000702c00000|100%| O|  |TAMS 0x0000000702c00000, 0x0000000702a00000| Untracked 
|   2|0x0000000702c00000, 0x0000000702e00000, 0x0000000702e00000|100%| O|  |TAMS 0x0000000702e00000, 0x0000000702c00000| Untracked 
|   3|0x0000000702e00000, 0x0000000703000000, 0x0000000703000000|100%| O|  |TAMS 0x0000000703000000, 0x0000000702e00000| Untracked 
|   4|0x0000000703000000, 0x0000000703124800, 0x0000000703200000| 57%| O|  |TAMS 0x0000000703124800, 0x0000000703000000| Untracked 
|   5|0x0000000703200000, 0x0000000703400000, 0x0000000703400000|100%| O|  |TAMS 0x0000000703400000, 0x0000000703200000| Untracked 
|   6|0x0000000703400000, 0x0000000703600000, 0x0000000703600000|100%| O|  |TAMS 0x0000000703600000, 0x0000000703400000| Untracked 
|   7|0x0000000703600000, 0x0000000703800000, 0x0000000703800000|100%| O|  |TAMS 0x0000000703800000, 0x0000000703600000| Untracked 
|   8|0x0000000703800000, 0x0000000703a00000, 0x0000000703a00000|100%| O|  |TAMS 0x0000000703a00000, 0x0000000703800000| Untracked 
|   9|0x0000000703a00000, 0x0000000703c00000, 0x0000000703c00000|100%| O|  |TAMS 0x0000000703c00000, 0x0000000703a00000| Untracked 
|  10|0x0000000703c00000, 0x0000000703e00000, 0x0000000703e00000|100%| O|  |TAMS 0x0000000703e00000, 0x0000000703c00000| Untracked 
|  11|0x0000000703e00000, 0x0000000704000000, 0x0000000704000000|100%| O|  |TAMS 0x0000000704000000, 0x0000000703e00000| Untracked 
|  12|0x0000000704000000, 0x0000000704200000, 0x0000000704200000|100%| O|  |TAMS 0x0000000704200000, 0x0000000704000000| Untracked 
|  13|0x0000000704200000, 0x0000000704400000, 0x0000000704400000|100%| O|  |TAMS 0x0000000704400000, 0x0000000704200000| Untracked 
|  14|0x0000000704400000, 0x000000070443de00, 0x0000000704600000| 12%| O|  |TAMS 0x000000070443de00, 0x0000000704400000| Untracked 
|  15|0x0000000704600000, 0x0000000704800000, 0x0000000704800000|100%| O|  |TAMS 0x0000000704600000, 0x0000000704600000| Untracked 
|  16|0x0000000704800000, 0x0000000704a00000, 0x0000000704a00000|100%| O|  |TAMS 0x0000000704800000, 0x0000000704800000| Untracked 
|  17|0x0000000704a00000, 0x0000000704a72a00, 0x0000000704c00000| 22%| O|  |TAMS 0x0000000704a00000, 0x0000000704a00000| Untracked 
|  18|0x0000000704c00000, 0x0000000704c00000, 0x0000000704e00000|  0%| F|  |TAMS 0x0000000704c00000, 0x0000000704c00000| Untracked 
|  19|0x0000000704e00000, 0x0000000704e00000, 0x0000000705000000|  0%| F|  |TAMS 0x0000000704e00000, 0x0000000704e00000| Untracked 
|  20|0x0000000705000000, 0x0000000705000000, 0x0000000705200000|  0%| F|  |TAMS 0x0000000705000000, 0x0000000705000000| Untracked 
|  21|0x0000000705200000, 0x0000000705200000, 0x0000000705400000|  0%| F|  |TAMS 0x0000000705200000, 0x0000000705200000| Untracked 
|  22|0x0000000705400000, 0x0000000705400000, 0x0000000705600000|  0%| F|  |TAMS 0x0000000705400000, 0x0000000705400000| Untracked 
|  23|0x0000000705600000, 0x0000000705600000, 0x0000000705800000|  0%| F|  |TAMS 0x0000000705600000, 0x0000000705600000| Untracked 
|  24|0x0000000705800000, 0x0000000705800000, 0x0000000705a00000|  0%| F|  |TAMS 0x0000000705800000, 0x0000000705800000| Untracked 
|  25|0x0000000705a00000, 0x0000000705a00000, 0x0000000705c00000|  0%| F|  |TAMS 0x0000000705a00000, 0x0000000705a00000| Untracked 
|  26|0x0000000705c00000, 0x0000000705c00000, 0x0000000705e00000|  0%| F|  |TAMS 0x0000000705c00000, 0x0000000705c00000| Untracked 
|  27|0x0000000705e00000, 0x0000000705e00000, 0x0000000706000000|  0%| F|  |TAMS 0x0000000705e00000, 0x0000000705e00000| Untracked 
|  28|0x0000000706000000, 0x0000000706000000, 0x0000000706200000|  0%| F|  |TAMS 0x0000000706000000, 0x0000000706000000| Untracked 
|  29|0x0000000706200000, 0x00000007062e7fb8, 0x0000000706400000| 45%| S|CS|TAMS 0x0000000706200000, 0x0000000706200000| Complete 
|  30|0x0000000706400000, 0x0000000706600000, 0x0000000706600000|100%| S|CS|TAMS 0x0000000706400000, 0x0000000706400000| Complete 
|  31|0x0000000706600000, 0x0000000706800000, 0x0000000706800000|100%| S|CS|TAMS 0x0000000706600000, 0x0000000706600000| Complete 
|  32|0x0000000706800000, 0x0000000706a00000, 0x0000000706a00000|100%| S|CS|TAMS 0x0000000706800000, 0x0000000706800000| Complete 
|  33|0x0000000706a00000, 0x0000000706c00000, 0x0000000706c00000|100%| S|CS|TAMS 0x0000000706a00000, 0x0000000706a00000| Complete 
|  34|0x0000000706c00000, 0x0000000706c00000, 0x0000000706e00000|  0%| F|  |TAMS 0x0000000706c00000, 0x0000000706c00000| Untracked 
|  35|0x0000000706e00000, 0x0000000706e00000, 0x0000000707000000|  0%| F|  |TAMS 0x0000000706e00000, 0x0000000706e00000| Untracked 
|  36|0x0000000707000000, 0x0000000707000000, 0x0000000707200000|  0%| F|  |TAMS 0x0000000707000000, 0x0000000707000000| Untracked 
|  37|0x0000000707200000, 0x0000000707200000, 0x0000000707400000|  0%| F|  |TAMS 0x0000000707200000, 0x0000000707200000| Untracked 
|  38|0x0000000707400000, 0x0000000707400000, 0x0000000707600000|  0%| F|  |TAMS 0x0000000707400000, 0x0000000707400000| Untracked 
|  39|0x0000000707600000, 0x0000000707600000, 0x0000000707800000|  0%| F|  |TAMS 0x0000000707600000, 0x0000000707600000| Untracked 
|  40|0x0000000707800000, 0x0000000707800000, 0x0000000707a00000|  0%| F|  |TAMS 0x0000000707800000, 0x0000000707800000| Untracked 
|  41|0x0000000707a00000, 0x0000000707a00000, 0x0000000707c00000|  0%| F|  |TAMS 0x0000000707a00000, 0x0000000707a00000| Untracked 
|  42|0x0000000707c00000, 0x0000000707c00000, 0x0000000707e00000|  0%| F|  |TAMS 0x0000000707c00000, 0x0000000707c00000| Untracked 
|  43|0x0000000707e00000, 0x0000000707e00000, 0x0000000708000000|  0%| F|  |TAMS 0x0000000707e00000, 0x0000000707e00000| Untracked 
|  44|0x0000000708000000, 0x0000000708000000, 0x0000000708200000|  0%| F|  |TAMS 0x0000000708000000, 0x0000000708000000| Untracked 
|  45|0x0000000708200000, 0x0000000708200000, 0x0000000708400000|  0%| F|  |TAMS 0x0000000708200000, 0x0000000708200000| Untracked 
|  46|0x0000000708400000, 0x0000000708400000, 0x0000000708600000|  0%| F|  |TAMS 0x0000000708400000, 0x0000000708400000| Untracked 
|  47|0x0000000708600000, 0x0000000708600000, 0x0000000708800000|  0%| F|  |TAMS 0x0000000708600000, 0x0000000708600000| Untracked 
|  48|0x0000000708800000, 0x0000000708800000, 0x0000000708a00000|  0%| F|  |TAMS 0x0000000708800000, 0x0000000708800000| Untracked 
|  49|0x0000000708a00000, 0x0000000708a00000, 0x0000000708c00000|  0%| F|  |TAMS 0x0000000708a00000, 0x0000000708a00000| Untracked 
|  50|0x0000000708c00000, 0x0000000708c00000, 0x0000000708e00000|  0%| F|  |TAMS 0x0000000708c00000, 0x0000000708c00000| Untracked 
|  51|0x0000000708e00000, 0x0000000709000000, 0x0000000709000000|100%| E|  |TAMS 0x0000000708e00000, 0x0000000708e00000| Complete 
|  52|0x0000000709000000, 0x0000000709200000, 0x0000000709200000|100%| E|CS|TAMS 0x0000000709000000, 0x0000000709000000| Complete 
|  53|0x0000000709200000, 0x0000000709400000, 0x0000000709400000|100%| E|CS|TAMS 0x0000000709200000, 0x0000000709200000| Complete 
|  54|0x0000000709400000, 0x0000000709600000, 0x0000000709600000|100%| E|CS|TAMS 0x0000000709400000, 0x0000000709400000| Complete 
|  55|0x0000000709600000, 0x0000000709800000, 0x0000000709800000|100%| E|CS|TAMS 0x0000000709600000, 0x0000000709600000| Complete 
|  56|0x0000000709800000, 0x0000000709a00000, 0x0000000709a00000|100%| E|CS|TAMS 0x0000000709800000, 0x0000000709800000| Complete 
|  57|0x0000000709a00000, 0x0000000709c00000, 0x0000000709c00000|100%| E|CS|TAMS 0x0000000709a00000, 0x0000000709a00000| Complete 
|  58|0x0000000709c00000, 0x0000000709e00000, 0x0000000709e00000|100%| E|CS|TAMS 0x0000000709c00000, 0x0000000709c00000| Complete 
|  59|0x0000000709e00000, 0x000000070a000000, 0x000000070a000000|100%| E|CS|TAMS 0x0000000709e00000, 0x0000000709e00000| Complete 
|  60|0x000000070a000000, 0x000000070a200000, 0x000000070a200000|100%| E|CS|TAMS 0x000000070a000000, 0x000000070a000000| Complete 
|  61|0x000000070a200000, 0x000000070a400000, 0x000000070a400000|100%| E|CS|TAMS 0x000000070a200000, 0x000000070a200000| Complete 
|  62|0x000000070a400000, 0x000000070a600000, 0x000000070a600000|100%| E|CS|TAMS 0x000000070a400000, 0x000000070a400000| Complete 
| 126|0x0000000712400000, 0x0000000712600000, 0x0000000712600000|100%| E|CS|TAMS 0x0000000712400000, 0x0000000712400000| Complete 

Card table byte_map: [0x000001895f3d0000,0x000001895fbc0000] _byte_map_base: 0x000001895bbbc000

Marking Bits (Prev, Next): (CMBitMap*) 0x000001894c15b2f0, (CMBitMap*) 0x000001894c15b2b0
 Prev Bits: [0x0000018964310000, 0x0000018968270000)
 Next Bits: [0x00000189603b0000, 0x0000018964310000)

Polling page: 0x0000018949fe0000

Metaspace:

Usage:
  Non-class:     72.42 MB used.
      Class:     11.12 MB used.
       Both:     83.54 MB used.

Virtual space:
  Non-class space:      128.00 MB reserved,      72.69 MB ( 57%) committed,  2 nodes.
      Class space:        1.00 GB reserved,      11.38 MB (  1%) committed,  1 nodes.
             Both:        1.12 GB reserved,      84.06 MB (  7%) committed. 

Chunk freelists:
   Non-Class:  7.19 MB
       Class:  4.66 MB
        Both:  11.84 MB

MaxMetaspaceSize: unlimited
CompressedClassSpaceSize: 1.00 GB
Initial GC threshold: 21.00 MB
Current GC threshold: 98.69 MB
CDS: off
MetaspaceReclaimPolicy: balanced
 - commit_granule_bytes: 65536.
 - commit_granule_words: 8192.
 - virtual_space_node_default_size: 8388608.
 - enlarge_chunks_in_place: 1.
 - new_chunks_are_fully_committed: 0.
 - uncommit_free_chunks: 1.
 - use_allocation_guard: 0.
 - handle_deallocations: 1.


Internal statistics:

num_allocs_failed_limit: 11.
num_arena_births: 758.
num_arena_deaths: 0.
num_vsnodes_births: 3.
num_vsnodes_deaths: 0.
num_space_committed: 1345.
num_space_uncommitted: 0.
num_chunks_returned_to_freelist: 11.
num_chunks_taken_from_freelist: 3564.
num_chunk_merges: 9.
num_chunk_splits: 2622.
num_chunks_enlarged: 2088.
num_inconsistent_stats: 0.

CodeHeap 'non-profiled nmethods': size=120000Kb used=4464Kb max_used=4464Kb free=115535Kb
 bounds [0x0000018957380000, 0x00000189577e0000, 0x000001895e8b0000]
CodeHeap 'profiled nmethods': size=120000Kb used=12280Kb max_used=12280Kb free=107719Kb
 bounds [0x000001894f8b0000, 0x00000189504b0000, 0x0000018956de0000]
CodeHeap 'non-nmethods': size=5760Kb used=1342Kb max_used=1424Kb free=4417Kb
 bounds [0x0000018956de0000, 0x0000018957050000, 0x0000018957380000]
 total_blobs=6637 nmethods=5959 adapters=590
 compilation: enabled
              stopped_count=0, restarted_count=0
 full_count=0

Compilation events (20 events):
Event: 11.619 Thread 0x000001896f0d37a0 nmethod 6622 0x000001895045bf10 code [0x000001895045c0a0, 0x000001895045c298]
Event: 11.619 Thread 0x000001896f0d37a0 6623       2       org.aspectj.apache.bcel.classfile.ExceptionTable::setExceptionIndexTable (20 bytes)
Event: 11.619 Thread 0x000001896f0d37a0 nmethod 6623 0x000001895045c390 code [0x000001895045c520, 0x000001895045c698]
Event: 11.641 Thread 0x000001896f0d37a0 6624       1       org.springframework.web.util.pattern.PathPatternParser::isCaseSensitive (5 bytes)
Event: 11.641 Thread 0x000001896f0d37a0 nmethod 6624 0x00000189577b2890 code [0x00000189577b2a20, 0x00000189577b2af8]
Event: 11.644 Thread 0x000001896f0d37a0 6625       2       org.aspectj.apache.bcel.classfile.ExceptionTable::<init> (60 bytes)
Event: 11.644 Thread 0x000001896f0d37a0 nmethod 6625 0x000001895045c790 code [0x000001895045c960, 0x000001895045cca8]
Event: 11.646 Thread 0x000001896f0d37a0 6626       1       org.springframework.beans.factory.config.DependencyDescriptor::supportsLazyResolution (2 bytes)
Event: 11.647 Thread 0x000001896f0d37a0 nmethod 6626 0x00000189577b2b90 code [0x00000189577b2d20, 0x00000189577b2df8]
Event: 11.647 Thread 0x000001896f0d37a0 6627       2       org.springframework.beans.TypeConverterSupport::<init> (5 bytes)
Event: 11.647 Thread 0x000001896f0d37a0 nmethod 6627 0x000001895045ce90 code [0x000001895045d020, 0x000001895045d138]
Event: 11.647 Thread 0x000001896f0d37a0 6628       2       org.springframework.beans.PropertyEditorRegistrySupport::<init> (15 bytes)
Event: 11.647 Thread 0x000001896f0d37a0 nmethod 6628 0x000001895045d210 code [0x000001895045d3a0, 0x000001895045d4b8]
Event: 11.647 Thread 0x000001896f0d37a0 6629   !   2       jdk.proxy1.$Proxy4::annotationType (29 bytes)
Event: 11.648 Thread 0x000001896f0d37a0 nmethod 6629 0x000001895045d590 code [0x000001895045d740, 0x000001895045d9b8]
Event: 11.682 Thread 0x000001896f0d37a0 6631       2       org.springframework.util.ObjectUtils::nullSafeEquals (55 bytes)
Event: 11.682 Thread 0x000001896f0d37a0 nmethod 6631 0x000001895045db10 code [0x000001895045dd00, 0x000001895045dfb8]
Event: 11.686 Thread 0x000001896f0d37a0 6632       2       org.springframework.core.io.ResourceEditor::<init> (8 bytes)
Event: 11.686 Thread 0x000001896f0d37a0 nmethod 6632 0x000001895045e110 code [0x000001895045e2c0, 0x000001895045e5e8]
Event: 11.686 Thread 0x000001896f0d37a0 6633       2       org.springframework.core.io.ResourceEditor::<init> (26 bytes)

GC Heap History (20 events):
Event: 3.692 GC heap before
{Heap before GC invocations=6 (full 0):
 garbage-first heap   total 61440K, used 39880K [0x0000000702800000, 0x0000000800000000)
  region size 2048K, 13 young (26624K), 2 survivors (4096K)
 Metaspace       used 33391K, committed 33664K, reserved 1114112K
  class space    used 3950K, committed 4096K, reserved 1048576K
}
Event: 3.696 GC heap after
{Heap after GC invocations=7 (full 0):
 garbage-first heap   total 61440K, used 19296K [0x0000000702800000, 0x0000000800000000)
  region size 2048K, 1 young (2048K), 1 survivors (2048K)
 Metaspace       used 33391K, committed 33664K, reserved 1114112K
  class space    used 3950K, committed 4096K, reserved 1048576K
}
Event: 4.036 GC heap before
{Heap before GC invocations=7 (full 0):
 garbage-first heap   total 61440K, used 35680K [0x0000000702800000, 0x0000000800000000)
  region size 2048K, 10 young (20480K), 1 survivors (2048K)
 Metaspace       used 35820K, committed 36096K, reserved 1114112K
  class space    used 4259K, committed 4416K, reserved 1048576K
}
Event: 4.038 GC heap after
{Heap after GC invocations=8 (full 0):
 garbage-first heap   total 61440K, used 20147K [0x0000000702800000, 0x0000000800000000)
  region size 2048K, 2 young (4096K), 2 survivors (4096K)
 Metaspace       used 35820K, committed 36096K, reserved 1114112K
  class space    used 4259K, committed 4416K, reserved 1048576K
}
Event: 4.857 GC heap before
{Heap before GC invocations=9 (full 0):
 garbage-first heap   total 61440K, used 40627K [0x0000000702800000, 0x0000000800000000)
  region size 2048K, 13 young (26624K), 2 survivors (4096K)
 Metaspace       used 38944K, committed 39232K, reserved 1114112K
  class space    used 4843K, committed 4992K, reserved 1048576K
}
Event: 4.861 GC heap after
{Heap after GC invocations=10 (full 0):
 garbage-first heap   total 61440K, used 21493K [0x0000000702800000, 0x0000000800000000)
  region size 2048K, 2 young (4096K), 2 survivors (4096K)
 Metaspace       used 38944K, committed 39232K, reserved 1114112K
  class space    used 4843K, committed 4992K, reserved 1048576K
}
Event: 5.784 GC heap before
{Heap before GC invocations=10 (full 0):
 garbage-first heap   total 61440K, used 44021K [0x0000000702800000, 0x0000000800000000)
  region size 2048K, 13 young (26624K), 2 survivors (4096K)
 Metaspace       used 42485K, committed 42880K, reserved 1114112K
  class space    used 5348K, committed 5568K, reserved 1048576K
}
Event: 5.789 GC heap after
{Heap after GC invocations=11 (full 0):
 garbage-first heap   total 61440K, used 23440K [0x0000000702800000, 0x0000000800000000)
  region size 2048K, 2 young (4096K), 2 survivors (4096K)
 Metaspace       used 42485K, committed 42880K, reserved 1114112K
  class space    used 5348K, committed 5568K, reserved 1048576K
}
Event: 6.427 GC heap before
{Heap before GC invocations=11 (full 0):
 garbage-first heap   total 61440K, used 43920K [0x0000000702800000, 0x0000000800000000)
  region size 2048K, 12 young (24576K), 2 survivors (4096K)
 Metaspace       used 45935K, committed 46336K, reserved 1114112K
  class space    used 5820K, committed 6016K, reserved 1048576K
}
Event: 6.434 GC heap after
{Heap after GC invocations=12 (full 0):
 garbage-first heap   total 61440K, used 25122K [0x0000000702800000, 0x0000000800000000)
  region size 2048K, 1 young (2048K), 1 survivors (2048K)
 Metaspace       used 45935K, committed 46336K, reserved 1114112K
  class space    used 5820K, committed 6016K, reserved 1048576K
}
Event: 6.752 GC heap before
{Heap before GC invocations=12 (full 0):
 garbage-first heap   total 61440K, used 43554K [0x0000000702800000, 0x0000000800000000)
  region size 2048K, 11 young (22528K), 1 survivors (2048K)
 Metaspace       used 47588K, committed 48000K, reserved 1114112K
  class space    used 5993K, committed 6208K, reserved 1048576K
}
Event: 6.756 GC heap after
{Heap after GC invocations=13 (full 0):
 garbage-first heap   total 61440K, used 29336K [0x0000000702800000, 0x0000000800000000)
  region size 2048K, 2 young (4096K), 2 survivors (4096K)
 Metaspace       used 47588K, committed 48000K, reserved 1114112K
  class space    used 5993K, committed 6208K, reserved 1048576K
}
Event: 6.943 GC heap before
{Heap before GC invocations=13 (full 0):
 garbage-first heap   total 61440K, used 43672K [0x0000000702800000, 0x0000000800000000)
  region size 2048K, 10 young (20480K), 2 survivors (4096K)
 Metaspace       used 49268K, committed 49728K, reserved 1114112K
  class space    used 6168K, committed 6336K, reserved 1048576K
}
Event: 6.947 GC heap after
{Heap after GC invocations=14 (full 0):
 garbage-first heap   total 161792K, used 29535K [0x0000000702800000, 0x0000000800000000)
  region size 2048K, 1 young (2048K), 1 survivors (2048K)
 Metaspace       used 49268K, committed 49728K, reserved 1114112K
  class space    used 6168K, committed 6336K, reserved 1048576K
}
Event: 8.271 GC heap before
{Heap before GC invocations=14 (full 0):
 garbage-first heap   total 161792K, used 90975K [0x0000000702800000, 0x0000000800000000)
  region size 2048K, 32 young (65536K), 1 survivors (2048K)
 Metaspace       used 59900K, committed 60288K, reserved 1114112K
  class space    used 7688K, committed 7872K, reserved 1048576K
}
Event: 8.276 GC heap after
{Heap after GC invocations=15 (full 0):
 garbage-first heap   total 161792K, used 33022K [0x0000000702800000, 0x0000000800000000)
  region size 2048K, 3 young (6144K), 3 survivors (6144K)
 Metaspace       used 59900K, committed 60288K, reserved 1114112K
  class space    used 7688K, committed 7872K, reserved 1048576K
}
Event: 10.041 GC heap before
{Heap before GC invocations=16 (full 0):
 garbage-first heap   total 131072K, used 104702K [0x0000000702800000, 0x0000000800000000)
  region size 2048K, 38 young (77824K), 3 survivors (6144K)
 Metaspace       used 77927K, committed 78336K, reserved 1179648K
  class space    used 10368K, committed 10560K, reserved 1048576K
}
Event: 10.052 GC heap after
{Heap after GC invocations=17 (full 0):
 garbage-first heap   total 131072K, used 37442K [0x0000000702800000, 0x0000000800000000)
  region size 2048K, 5 young (10240K), 5 survivors (10240K)
 Metaspace       used 77927K, committed 78336K, reserved 1179648K
  class space    used 10368K, committed 10560K, reserved 1048576K
}
Event: 11.548 GC heap before
{Heap before GC invocations=17 (full 0):
 garbage-first heap   total 131072K, used 98882K [0x0000000702800000, 0x0000000800000000)
  region size 2048K, 35 young (71680K), 5 survivors (10240K)
 Metaspace       used 84050K, committed 84608K, reserved 1179648K
  class space    used 11197K, committed 11456K, reserved 1048576K
}
Event: 11.559 GC heap after
{Heap after GC invocations=18 (full 0):
 garbage-first heap   total 131072K, used 41715K [0x0000000702800000, 0x0000000800000000)
  region size 2048K, 5 young (10240K), 5 survivors (10240K)
 Metaspace       used 84050K, committed 84608K, reserved 1179648K
  class space    used 11197K, committed 11456K, reserved 1048576K
}

Dll operation events (4 events):
Event: 0.009 Loaded shared library C:\Users\DHIA\.jdks\jbr-17.0.12\bin\java.dll
Event: 0.046 Loaded shared library C:\Users\DHIA\.jdks\jbr-17.0.12\bin\jsvml.dll
Event: 0.241 Loaded shared library C:\Users\DHIA\.jdks\jbr-17.0.12\bin\zip.dll
Event: 7.888 Loaded shared library C:\Users\DHIA\.jdks\jbr-17.0.12\bin\verify.dll

Deoptimization events (20 events):
Event: 11.371 Thread 0x00000189702c98f0 Uncommon trap: trap_request=0xffffffc6 fr.pc=0x000001895745098c relative=0x000000000000074c
Event: 11.371 Thread 0x00000189702c98f0 Uncommon trap: reason=bimorphic_or_optimized_type_check action=maybe_recompile pc=0x000001895745098c method=java.util.ImmutableCollections$MapN.probe(Ljava/lang/Object;)I @ 1 c2
Event: 11.371 Thread 0x00000189702c98f0 DEOPT PACKING pc=0x000001895745098c sp=0x000000545bafdc00
Event: 11.371 Thread 0x00000189702c98f0 DEOPT UNPACKING pc=0x0000018956e369a3 sp=0x000000545bafdbb0 mode 2
Event: 11.380 Thread 0x00000189702c98f0 DEOPT PACKING pc=0x000001894f8ba624 sp=0x000000545bafd100
Event: 11.380 Thread 0x00000189702c98f0 DEOPT UNPACKING pc=0x0000018956e37143 sp=0x000000545bafc5e8 mode 0
Event: 11.410 Thread 0x00000189702c98f0 Uncommon trap: trap_request=0xffffff45 fr.pc=0x0000018957666ae4 relative=0x00000000000059a4
Event: 11.410 Thread 0x00000189702c98f0 Uncommon trap: reason=unstable_if action=reinterpret pc=0x0000018957666ae4 method=org.springframework.beans.factory.support.AbstractBeanFactory.isTypeMatch(Ljava/lang/String;Lorg/springframework/core/ResolvableType;Z)Z @ 35 c2
Event: 11.410 Thread 0x00000189702c98f0 DEOPT PACKING pc=0x0000018957666ae4 sp=0x000000545bafd920
Event: 11.410 Thread 0x00000189702c98f0 DEOPT UNPACKING pc=0x0000018956e369a3 sp=0x000000545bafd8e0 mode 2
Event: 11.460 Thread 0x00000189702c98f0 DEOPT PACKING pc=0x000001895015db9e sp=0x000000545baf8740
Event: 11.460 Thread 0x00000189702c98f0 DEOPT UNPACKING pc=0x0000018956e37143 sp=0x000000545baf7ce0 mode 0
Event: 11.565 Thread 0x00000189702c98f0 Uncommon trap: trap_request=0xffffff45 fr.pc=0x0000018957792a24 relative=0x0000000000001204
Event: 11.565 Thread 0x00000189702c98f0 Uncommon trap: reason=unstable_if action=reinterpret pc=0x0000018957792a24 method=org.aspectj.apache.bcel.classfile.Constant.readConstant(Ljava/io/DataInputStream;)Lorg/aspectj/apache/bcel/classfile/Constant; @ 6 c2
Event: 11.565 Thread 0x00000189702c98f0 DEOPT PACKING pc=0x0000018957792a24 sp=0x000000545baf9bf0
Event: 11.565 Thread 0x00000189702c98f0 DEOPT UNPACKING pc=0x0000018956e369a3 sp=0x000000545baf9bc0 mode 2
Event: 11.647 Thread 0x00000189702c98f0 Uncommon trap: trap_request=0xffffff45 fr.pc=0x0000018957462524 relative=0x0000000000000104
Event: 11.647 Thread 0x00000189702c98f0 Uncommon trap: reason=unstable_if action=reinterpret pc=0x0000018957462524 method=org.springframework.util.ObjectUtils.nullSafeEquals(Ljava/lang/Object;Ljava/lang/Object;)Z @ 12 c2
Event: 11.647 Thread 0x00000189702c98f0 DEOPT PACKING pc=0x0000018957462524 sp=0x000000545bafd8a0
Event: 11.647 Thread 0x00000189702c98f0 DEOPT UNPACKING pc=0x0000018956e369a3 sp=0x000000545bafd840 mode 2

Classes unloaded (0 events):
No events

Classes redefined (0 events):
No events

Internal exceptions (20 events):
Event: 9.683 Thread 0x00000189702c98f0 Exception <a 'java/lang/NoSuchMethodError'{0x00000007068715f0}: 'java.lang.Object java.lang.invoke.DirectMethodHandle$Holder.newInvokeSpecial(java.lang.Object, java.lang.Object, java.lang.Object, java.lang.Object, java.lang.Object, java.lang.Object, java.lang.Object, int)'> (0x00000007068715f0) 
thrown [s\src\hotspot\share\interpreter\linkResolver.cpp, line 771]
Event: 9.684 Thread 0x00000189702c98f0 Exception <a 'java/lang/NoSuchMethodError'{0x0000000706876890}: 'java.lang.Object java.lang.invoke.DirectMethodHandle$Holder.invokeSpecial(java.lang.Object, java.lang.Object, java.lang.Object, java.lang.Object, java.lang.Object, java.lang.Object, java.lang.Object, java.lang.Object, int)'> (0x0000000706876890) 
thrown [s\src\hotspot\share\interpreter\linkResolver.cpp, line 771]
Event: 9.684 Thread 0x00000189702c98f0 Exception <a 'java/lang/NoSuchMethodError'{0x000000070687b358}: 'java.lang.Object java.lang.invoke.Invokers$Holder.linkToTargetMethod(java.lang.Object, java.lang.Object, java.lang.Object, java.lang.Object, java.lang.Object, java.lang.Object, int, java.lang.Object)'> (0x000000070687b358) 
thrown [s\src\hotspot\share\interpreter\linkResolver.cpp, line 771]
Event: 9.707 Thread 0x00000189702c98f0 Exception <a 'java/lang/NoSuchMethodError'{0x000000070696c8f8}: 'java.lang.Object java.lang.invoke.DirectMethodHandle$Holder.newInvokeSpecial(java.lang.Object, java.lang.Object, int, java.lang.Object, int, java.lang.Object, java.lang.Object)'> (0x000000070696c8f8) 
thrown [s\src\hotspot\share\interpreter\linkResolver.cpp, line 771]
Event: 9.709 Thread 0x00000189702c98f0 Exception <a 'java/lang/NoSuchMethodError'{0x0000000706985d30}: 'void java.lang.invoke.DirectMethodHandle$Holder.invokeInterface(java.lang.Object, java.lang.Object)'> (0x0000000706985d30) 
thrown [s\src\hotspot\share\interpreter\linkResolver.cpp, line 771]
Event: 9.841 Thread 0x00000189702c98f0 Exception <a 'java/lang/NoSuchMethodError'{0x0000000706597d78}: 'java.lang.Object java.lang.invoke.DirectMethodHandle$Holder.invokeSpecial(java.lang.Object, java.lang.Object, int, java.lang.Object, int)'> (0x0000000706597d78) 
thrown [s\src\hotspot\share\interpreter\linkResolver.cpp, line 771]
Event: 10.029 Thread 0x00000189702c98f0 Exception <a 'java/lang/IncompatibleClassChangeError'{0x0000000705d48198}: Found class java.lang.Object, but interface was expected> (0x0000000705d48198) 
thrown [s\src\hotspot\share\interpreter\linkResolver.cpp, line 838]
Event: 10.140 Thread 0x00000189702c98f0 Exception <a 'java/lang/IncompatibleClassChangeError'{0x000000070a523ec0}: Found class java.lang.Object, but interface was expected> (0x000000070a523ec0) 
thrown [s\src\hotspot\share\interpreter\linkResolver.cpp, line 838]
Event: 10.247 Thread 0x00000189702c98f0 Exception <a 'java/lang/IncompatibleClassChangeError'{0x000000070a363380}: Found class java.lang.Object, but interface was expected> (0x000000070a363380) 
thrown [s\src\hotspot\share\interpreter\linkResolver.cpp, line 838]
Event: 10.504 Thread 0x00000189702c98f0 Exception <a 'java/lang/IncompatibleClassChangeError'{0x0000000709a6a428}: Found class java.lang.Object, but interface was expected> (0x0000000709a6a428) 
thrown [s\src\hotspot\share\interpreter\linkResolver.cpp, line 838]
Event: 10.580 Thread 0x00000189702c98f0 Exception <a 'java/lang/reflect/InvocationTargetException'{0x00000007098ce960}> (0x00000007098ce960) 
thrown [s\src\hotspot\share\runtime\reflection.cpp, line 1127]
Event: 10.595 Thread 0x00000189702c98f0 Exception <a 'java/lang/NoSuchMethodError'{0x000000070992f9a0}: 'int java.lang.invoke.DirectMethodHandle$Holder.invokeStatic(java.lang.Object, java.lang.Object, int)'> (0x000000070992f9a0) 
thrown [s\src\hotspot\share\interpreter\linkResolver.cpp, line 771]
Event: 10.609 Thread 0x00000189702c98f0 Exception <a 'java/lang/IncompatibleClassChangeError'{0x000000070998d0d8}: Found class java.lang.Object, but interface was expected> (0x000000070998d0d8) 
thrown [s\src\hotspot\share\interpreter\linkResolver.cpp, line 838]
Event: 10.671 Thread 0x00000189702c98f0 Exception <a 'java/lang/NoSuchMethodError'{0x000000070972bdb8}: 'java.lang.Object java.lang.invoke.DirectMethodHandle$Holder.invokeStatic(java.lang.Object, int, java.lang.Object)'> (0x000000070972bdb8) 
thrown [s\src\hotspot\share\interpreter\linkResolver.cpp, line 771]
Event: 10.683 Thread 0x00000189702c98f0 Exception <a 'java/lang/reflect/InvocationTargetException'{0x0000000709773d30}> (0x0000000709773d30) 
thrown [s\src\hotspot\share\runtime\reflection.cpp, line 1127]
Event: 10.685 Thread 0x00000189702c98f0 Exception <a 'java/lang/reflect/InvocationTargetException'{0x0000000709780478}> (0x0000000709780478) 
thrown [s\src\hotspot\share\runtime\reflection.cpp, line 1127]
Event: 10.824 Thread 0x00000189702c98f0 Exception <a 'java/lang/NoSuchMethodError'{0x0000000708e98ec8}: 'java.lang.Object java.lang.invoke.DirectMethodHandle$Holder.invokeInterface(java.lang.Object, java.lang.Object, java.lang.Object, java.lang.Object)'> (0x0000000708e98ec8) 
thrown [s\src\hotspot\share\interpreter\linkResolver.cpp, line 771]
Event: 11.489 Thread 0x00000189702c98f0 Exception <a 'sun/nio/fs/WindowsException'{0x0000000706e29fb0}> (0x0000000706e29fb0) 
thrown [s\src\hotspot\share\prims\jni.cpp, line 517]
Event: 11.614 Thread 0x00000189702c98f0 Exception <a 'java/lang/IncompatibleClassChangeError'{0x000000070a25a160}: Found class java.lang.Object, but interface was expected> (0x000000070a25a160) 
thrown [s\src\hotspot\share\interpreter\linkResolver.cpp, line 838]
Event: 11.647 Thread 0x00000189702c98f0 Implicit null exception at 0x0000018957462446 to 0x000001895746250f

VM Operations (20 events):
Event: 10.433 Executing VM operation: HandshakeAllThreads
Event: 10.433 Executing VM operation: HandshakeAllThreads done
Event: 10.520 Executing VM operation: HandshakeAllThreads
Event: 10.520 Executing VM operation: HandshakeAllThreads done
Event: 10.520 Executing VM operation: HandshakeAllThreads
Event: 10.520 Executing VM operation: HandshakeAllThreads done
Event: 10.706 Executing VM operation: ICBufferFull
Event: 10.706 Executing VM operation: ICBufferFull done
Event: 11.238 Executing VM operation: HandshakeAllThreads
Event: 11.238 Executing VM operation: HandshakeAllThreads done
Event: 11.256 Executing VM operation: HandshakeAllThreads
Event: 11.257 Executing VM operation: HandshakeAllThreads done
Event: 11.315 Executing VM operation: HandshakeAllThreads
Event: 11.315 Executing VM operation: HandshakeAllThreads done
Event: 11.316 Executing VM operation: HandshakeAllThreads
Event: 11.316 Executing VM operation: HandshakeAllThreads done
Event: 11.438 Executing VM operation: ICBufferFull
Event: 11.438 Executing VM operation: ICBufferFull done
Event: 11.548 Executing VM operation: G1CollectForAllocation
Event: 11.559 Executing VM operation: G1CollectForAllocation done

Events (20 events):
Event: 10.649 loading class java/util/regex/Pattern$Bound
Event: 10.650 loading class java/util/regex/Pattern$Bound done
Event: 10.651 loading class java/util/regex/Pattern$GroupCurly
Event: 10.652 loading class java/util/regex/Pattern$GroupCurly done
Event: 10.861 loading class java/time/DurationEditor
Event: 10.861 loading class java/time/DurationEditor done
Event: 10.977 loading class java/util/Collections$SynchronizedRandomAccessList
Event: 10.977 loading class java/util/Collections$SynchronizedList
Event: 10.977 loading class java/util/Collections$SynchronizedList done
Event: 10.977 loading class java/util/Collections$SynchronizedRandomAccessList done
Event: 11.237 loading class java/util/ArrayList$ListItr
Event: 11.237 loading class java/util/ArrayList$ListItr done
Event: 11.284 loading class java/util/Comparators$NullComparator
Event: 11.285 loading class java/util/Comparators$NullComparator done
Event: 11.522 loading class java/util/EnumMap$EntrySet
Event: 11.522 loading class java/util/EnumMap$EntrySet done
Event: 11.522 loading class java/util/EnumMap$EntryIterator
Event: 11.523 loading class java/util/EnumMap$EnumMapIterator
Event: 11.523 loading class java/util/EnumMap$EnumMapIterator done
Event: 11.523 loading class java/util/EnumMap$EntryIterator done


Dynamic libraries:
0x00007ff606b60000 - 0x00007ff606b6a000 	C:\Users\DHIA\.jdks\jbr-17.0.12\bin\java.exe
0x00007fff99f40000 - 0x00007fff9a1a8000 	C:\WINDOWS\SYSTEM32\ntdll.dll
0x00007fff98730000 - 0x00007fff987f9000 	C:\WINDOWS\System32\KERNEL32.DLL
0x00007fff96af0000 - 0x00007fff96ee1000 	C:\WINDOWS\System32\KERNELBASE.dll
0x00007fff96f80000 - 0x00007fff970cb000 	C:\WINDOWS\System32\ucrtbase.dll
0x00007fff84e10000 - 0x00007fff84e27000 	C:\Users\DHIA\.jdks\jbr-17.0.12\bin\jli.dll
0x00007fff71090000 - 0x00007fff710ab000 	C:\Users\DHIA\.jdks\jbr-17.0.12\bin\VCRUNTIME140.dll
0x00007fff99a40000 - 0x00007fff99c06000 	C:\WINDOWS\System32\USER32.dll
0x00007fff81520000 - 0x00007fff817b3000 	C:\WINDOWS\WinSxS\amd64_microsoft.windows.common-controls_6595b64144ccf1df_6.0.26100.7824_none_3e0870b2e3345462\COMCTL32.dll
0x00007fff97cb0000 - 0x00007fff97cd7000 	C:\WINDOWS\System32\win32u.dll
0x00007fff99990000 - 0x00007fff99a39000 	C:\WINDOWS\System32\msvcrt.dll
0x00007fff99850000 - 0x00007fff9987b000 	C:\WINDOWS\System32\GDI32.dll
0x00007fff97a00000 - 0x00007fff97b2b000 	C:\WINDOWS\System32\gdi32full.dll
0x00007fff96990000 - 0x00007fff96a33000 	C:\WINDOWS\System32\msvcp_win.dll
0x00007fff990e0000 - 0x00007fff99111000 	C:\WINDOWS\System32\IMM32.DLL
0x00007fff7dd40000 - 0x00007fff7dd4c000 	C:\Users\DHIA\.jdks\jbr-17.0.12\bin\vcruntime140_1.dll
0x00007fff5c7c0000 - 0x00007fff5c84d000 	C:\Users\DHIA\.jdks\jbr-17.0.12\bin\msvcp140.dll
0x00007ffefea60000 - 0x00007ffeff6e5000 	C:\Users\DHIA\.jdks\jbr-17.0.12\bin\server\jvm.dll
0x00007fff98fb0000 - 0x00007fff99064000 	C:\WINDOWS\System32\ADVAPI32.dll
0x00007fff998e0000 - 0x00007fff99986000 	C:\WINDOWS\System32\sechost.dll
0x00007fff99730000 - 0x00007fff99848000 	C:\WINDOWS\System32\RPCRT4.dll
0x00007fff96680000 - 0x00007fff966de000 	C:\WINDOWS\SYSTEM32\POWRPROF.dll
0x00007fff85f60000 - 0x00007fff85f95000 	C:\WINDOWS\SYSTEM32\WINMM.dll
0x00007fff83bb0000 - 0x00007fff83bba000 	C:\WINDOWS\SYSTEM32\WSOCK32.dll
0x00007fff98320000 - 0x00007fff98394000 	C:\WINDOWS\System32\WS2_32.dll
0x00007fff8d9e0000 - 0x00007fff8d9eb000 	C:\WINDOWS\SYSTEM32\VERSION.dll
0x00007fff96660000 - 0x00007fff96674000 	C:\WINDOWS\SYSTEM32\UMPDC.dll
0x00007fff955c0000 - 0x00007fff955db000 	C:\WINDOWS\SYSTEM32\kernel.appcore.dll
0x00007fff71d60000 - 0x00007fff71d6a000 	C:\Users\DHIA\.jdks\jbr-17.0.12\bin\jimage.dll
0x00007fff94990000 - 0x00007fff94bd2000 	C:\WINDOWS\SYSTEM32\DBGHELP.DLL
0x00007fff983a0000 - 0x00007fff98726000 	C:\WINDOWS\System32\combase.dll
0x00007fff99620000 - 0x00007fff996f7000 	C:\WINDOWS\System32\OLEAUT32.dll
0x00007fff7ee90000 - 0x00007fff7eecb000 	C:\WINDOWS\SYSTEM32\dbgcore.DLL
0x00007fff96a40000 - 0x00007fff96ae5000 	C:\WINDOWS\System32\bcryptPrimitives.dll
0x00007fff8f9a0000 - 0x00007fff8f9ae000 	C:\Users\DHIA\.jdks\jbr-17.0.12\bin\instrument.dll
0x00007fff5e390000 - 0x00007fff5e3b5000 	C:\Users\DHIA\.jdks\jbr-17.0.12\bin\java.dll
0x00007fff6fad0000 - 0x00007fff6fae8000 	C:\Users\DHIA\.jdks\jbr-17.0.12\bin\zip.dll
0x00007fff5c6e0000 - 0x00007fff5c7b7000 	C:\Users\DHIA\.jdks\jbr-17.0.12\bin\jsvml.dll
0x00007fff98850000 - 0x00007fff98fa2000 	C:\WINDOWS\System32\SHELL32.dll
0x00007fff96820000 - 0x00007fff9698a000 	C:\WINDOWS\System32\wintypes.dll
0x00007fff970d0000 - 0x00007fff97933000 	C:\WINDOWS\System32\windows.storage.dll
0x00007fff991b0000 - 0x00007fff992a6000 	C:\WINDOWS\System32\SHCORE.dll
0x00007fff99070000 - 0x00007fff990d7000 	C:\WINDOWS\System32\shlwapi.dll
0x00007fff96740000 - 0x00007fff96769000 	C:\WINDOWS\SYSTEM32\profapi.dll
0x00007fff6fa80000 - 0x00007fff6fa99000 	C:\Users\DHIA\.jdks\jbr-17.0.12\bin\net.dll
0x00007fff8f6a0000 - 0x00007fff8f7c7000 	C:\WINDOWS\SYSTEM32\WINHTTP.dll
0x00007fff95b30000 - 0x00007fff95b9b000 	C:\WINDOWS\system32\mswsock.dll
0x00007fff6d420000 - 0x00007fff6d436000 	C:\Users\DHIA\.jdks\jbr-17.0.12\bin\nio.dll
0x00007fff70c30000 - 0x00007fff70c39000 	C:\Users\DHIA\.jdks\jbr-17.0.12\bin\extnet.dll
0x00007fff6eb70000 - 0x00007fff6eb79000 	C:\Users\DHIA\.jdks\jbr-17.0.12\bin\management.dll
0x00007fff6a050000 - 0x00007fff6a05b000 	C:\Users\DHIA\.jdks\jbr-17.0.12\bin\management_ext.dll
0x00007fff97ce0000 - 0x00007fff97ce8000 	C:\WINDOWS\System32\PSAPI.DLL
0x00007fff94fe0000 - 0x00007fff95014000 	C:\WINDOWS\SYSTEM32\IPHLPAPI.DLL
0x00007fff99c90000 - 0x00007fff99c9a000 	C:\WINDOWS\System32\NSI.dll
0x00007fff8ef70000 - 0x00007fff8ef8e000 	C:\WINDOWS\SYSTEM32\dhcpcsvc6.DLL
0x00007fff8ef40000 - 0x00007fff8ef63000 	C:\WINDOWS\SYSTEM32\dhcpcsvc.DLL
0x00007fff95070000 - 0x00007fff9519c000 	C:\WINDOWS\SYSTEM32\DNSAPI.dll
0x00007fff8d050000 - 0x00007fff8d05b000 	C:\Windows\System32\rasadhlp.dll
0x00007fff8d2c0000 - 0x00007fff8d346000 	C:\WINDOWS\System32\fwpuclnt.dll
0x00007fff70cd0000 - 0x00007fff70cde000 	C:\Users\DHIA\.jdks\jbr-17.0.12\bin\sunmscapi.dll
0x00007fff97b30000 - 0x00007fff97ca7000 	C:\WINDOWS\System32\CRYPT32.dll
0x00007fff96020000 - 0x00007fff96050000 	C:\WINDOWS\SYSTEM32\ncrypt.dll
0x00007fff95fd0000 - 0x00007fff9600f000 	C:\WINDOWS\SYSTEM32\NTASN1.dll
0x00007fff95e00000 - 0x00007fff95e1b000 	C:\WINDOWS\SYSTEM32\CRYPTSP.dll
0x00007fff95520000 - 0x00007fff95559000 	C:\WINDOWS\system32\rsaenh.dll
0x00007fff95be0000 - 0x00007fff95c0b000 	C:\WINDOWS\SYSTEM32\USERENV.dll
0x00007fff96710000 - 0x00007fff9673a000 	C:\WINDOWS\SYSTEM32\bcrypt.dll
0x00007fff95e20000 - 0x00007fff95e2c000 	C:\WINDOWS\SYSTEM32\CRYPTBASE.dll
0x00007fff7b3d0000 - 0x00007fff7b3e0000 	C:\Users\DHIA\.jdks\jbr-17.0.12\bin\verify.dll

dbghelp: loaded successfully - version: 4.0.5 - missing functions: none
symbol engine: initialized successfully - sym options: 0x614 - pdb path: .;C:\Users\DHIA\.jdks\jbr-17.0.12\bin;C:\WINDOWS\SYSTEM32;C:\WINDOWS\WinSxS\amd64_microsoft.windows.common-controls_6595b64144ccf1df_6.0.26100.7824_none_3e0870b2e3345462;C:\Users\DHIA\.jdks\jbr-17.0.12\bin\server

VM Arguments:
jvm_args: -javaagent:C:\Program Files\JetBrains\IntelliJ IDEA 2025.2.4\lib\idea_rt.jar=60377 -Dfile.encoding=UTF-8 
java_command: com.nephro.labresultsservice.LabResultsServiceApplication
java_class_path (initial): C:\Users\DHIA\Desktop\lab-results-service\target\classes;C:\Users\DHIA\.m2\repository\org\springframework\boot\spring-boot-starter-data-jpa\3.2.5\spring-boot-starter-data-jpa-3.2.5.jar;C:\Users\DHIA\.m2\repository\org\springframework\boot\spring-boot-starter-aop\3.2.5\spring-boot-starter-aop-3.2.5.jar;C:\Users\DHIA\.m2\repository\org\springframework\spring-aop\6.1.6\spring-aop-6.1.6.jar;C:\Users\DHIA\.m2\repository\org\aspectj\aspectjweaver\1.9.22\aspectjweaver-1.9.22.jar;C:\Users\DHIA\.m2\repository\org\springframework\boot\spring-boot-starter-jdbc\3.2.5\spring-boot-starter-jdbc-3.2.5.jar;C:\Users\DHIA\.m2\repository\com\zaxxer\HikariCP\5.0.1\HikariCP-5.0.1.jar;C:\Users\DHIA\.m2\repository\org\springframework\spring-jdbc\6.1.6\spring-jdbc-6.1.6.jar;C:\Users\DHIA\.m2\repository\org\hibernate\orm\hibernate-core\6.4.4.Final\hibernate-core-6.4.4.Final.jar;C:\Users\DHIA\.m2\repository\jakarta\persistence\jakarta.persistence-api\3.1.0\jakarta.persistence-api-3.1.0.jar;C:\Users\DHIA\.m2\repository\jakarta\transaction\jakarta.transaction-api\2.0.1\jakarta.transaction-api-2.0.1.jar;C:\Users\DHIA\.m2\repository\org\jboss\logging\jboss-logging\3.5.3.Final\jboss-logging-3.5.3.Final.jar;C:\Users\DHIA\.m2\repository\org\hibernate\common\hibernate-commons-annotations\6.0.6.Final\hibernate-commons-annotations-6.0.6.Final.jar;C:\Users\DHIA\.m2\repository\io\smallrye\jandex\3.1.2\jandex-3.1.2.jar;C:\Users\DHIA\.m2\repository\com\fasterxml\classmate\1.6.0\classmate-1.6.0.jar;C:\Users\DHIA\.m2\repository\net\bytebuddy\byte-buddy\1.14.13\byte-buddy-1.14.13.jar;C:\Users\DHIA\.m2\repository\org\glassfish\jaxb\jaxb-runtime\4.0.5\jaxb-runtime-4.0.5.jar;C:\Users\DHIA\.m2\repository\org\glassfish\jaxb\jaxb-core\4.0.5\jaxb-core-4.0.5.jar;C:\Users\DHIA\.m2\repository\org\eclipse\angus\angus-activation\2.0.2\angus-activation-2.0.2.jar;C:\Users\DHIA\.m2\repository\org\glassfish\jaxb\txw2\4.0.5\txw2-4.0.5.jar;C:\Users\DHIA\.m2\repository\com\sun\istack\istack-commons-
Launcher Type: SUN_STANDARD

[Global flags]
     intx CICompilerCount                          = 4                                         {product} {ergonomic}
     uint ConcGCThreads                            = 2                                         {product} {ergonomic}
     uint G1ConcRefinementThreads                  = 8                                         {product} {ergonomic}
   size_t G1HeapRegionSize                         = 2097152                                   {product} {ergonomic}
    uintx GCDrainStackTargetSize                   = 64                                        {product} {ergonomic}
   size_t InitialHeapSize                          = 266338304                                 {product} {ergonomic}
   size_t MarkStackSize                            = 4194304                                   {product} {ergonomic}
   size_t MaxHeapSize                              = 4253024256                                {product} {ergonomic}
   size_t MaxNewSize                               = 2550136832                                {product} {ergonomic}
   size_t MinHeapDeltaBytes                        = 2097152                                   {product} {ergonomic}
   size_t MinHeapSize                              = 8388608                                   {product} {ergonomic}
    uintx NonNMethodCodeHeapSize                   = 5839372                                {pd product} {ergonomic}
    uintx NonProfiledCodeHeapSize                  = 122909434                              {pd product} {ergonomic}
    uintx ProfiledCodeHeapSize                     = 122909434                              {pd product} {ergonomic}
    uintx ReservedCodeCacheSize                    = 251658240                              {pd product} {ergonomic}
     bool SegmentedCodeCache                       = true                                      {product} {ergonomic}
   size_t SoftMaxHeapSize                          = 4253024256                             {manageable} {ergonomic}
     bool UseCompressedClassPointers               = true                           {product lp64_product} {ergonomic}
     bool UseCompressedOops                        = true                           {product lp64_product} {ergonomic}
     bool UseG1GC                                  = true                                      {product} {ergonomic}
     bool UseLargePagesIndividualAllocation        = false                                  {pd product} {ergonomic}

Logging:
Log output configuration:
 #0: stdout all=warning uptime,level,tags
 #1: stderr all=off uptime,level,tags

Environment Variables:
PATH=C:\Program Files (x86)\VMware\VMware Player\bin\;C:\oraclexe\app\oracle\product\11.2.0\server\bin;C:\Program Files\Common Files\Oracle\Java\javapath;C:\WINDOWS\system32;C:\WINDOWS;C:\WINDOWS\System32\Wbem;C:\WINDOWS\System32\WindowsPowerShell\v1.0\;C:\WINDOWS\System32\OpenSSH\;C:\Program Files (x86)\NVIDIA Corporation\PhysX\Common;C:\xampp\php;C:\ProgramData\ComposerSetup\bin;C:\Program Files\Git\cmd;C:\Users\DHIA\.jdks\jbr-17.0.12;C:\Program Files\Microsoft SQL Server\150\Tools\Binn\;C:\Program Files\NVIDIA Corporation\NVIDIA app\NvDLISR;C:\Program Files\Microsoft SQL Server\Client SDK\ODBC\170\Tools\Binn\;C:\Program Files\dotnet\;C:\Program Files\Vagrant\bin;C:\Program Files\MongoDB\Server\8.2\bin;C:\Program Files\nodejs\;C:\Users\DHIA\scoop\shims;C:\Users\DHIA\AppData\Local\Microsoft\WindowsApps;C:\Users\DHIA\AppData\Roaming\Composer\vendor\bin;C:\Users\DHIA\AppData\Local\Programs\Microsoft VS Code\bin;C:\Users\DHIA\.dotnet\tools;C:\Program Files\MongoDB\Server\8.2\bin;C:\Users\DHIA\AppData\Roaming\npm
USERNAME=DHIA
OS=Windows_NT
PROCESSOR_IDENTIFIER=Intel64 Family 6 Model 165 Stepping 2, GenuineIntel
TMP=C:\Users\DHIA\AppData\Local\Temp
TEMP=C:\Users\DHIA\AppData\Local\Temp



Periodic native trim disabled

JNI global refs:
JNI global refs: 19, weak refs: 23

JNI global refs memory usage: 843, weak refs: 841

OOME stack traces (most recent first):
Classloader memory used:
Loader jdk.internal.loader.ClassLoaders$AppClassLoader                                 : 8024K
Loader bootstrap                                                                       : 2536K
Loader jdk.internal.loader.ClassLoaders$PlatformClassLoader                            : 67120B
Loader org.springframework.boot.devtools.restart.classloader.RestartClassLoader        : 48806B
Loader jdk.internal.reflect.DelegatingClassLoader                                      : 25763B
Loader net.bytebuddy.utility.dispatcher.JavaDispatcher$DynamicClassLoader              : 283B

Classes loaded by more than one classloader:
Class com.nephro.labresultsservice.LabResultsServiceApplication                       : loaded 2 times (x 69B)


---------------  S Y S T E M  ---------------

OS:
 Windows 11 , 64 bit Build 26100 (10.0.26100.7705)
OS uptime: 0 days 2:01 hours

CPU: total 8 (initial active 8) (4 cores per cpu, 2 threads per core) family 6 model 165 stepping 2 microcode 0xec, cx8, cmov, fxsr, ht, mmx, 3dnowpref, sse, sse2, sse3, ssse3, sse4.1, sse4.2, popcnt, lzcnt, tsc, tscinvbit, avx, avx2, aes, erms, clmul, bmi1, bmi2, adx, fma, vzeroupper, clflush, clflushopt
Processor Information for all 8 processors :
  Max Mhz: 2496, Current Mhz: 2496, Mhz Limit: 2496

Memory: 4k page, system-wide physical 16216M (6069M free)
TotalPageFile size 17240M (AvailPageFile size 5031M)
current process WorkingSet (physical memory assigned to process): 402M, peak: 402M
current process commit charge ("private bytes"): 431M, peak: 432M

vm_info: OpenJDK 64-Bit Server VM (17.0.12+1-b1087.25) for windows-amd64 JRE (17.0.12+1-b1087.25), built on 2024-08-30 by "builduser" with MS VC++ 16.10 / 16.11 (VS2019)

END.
